{
  message: 'Escuchando al puerto 8080',
  level: 'info',
  timestamp: '2023-12-21T23:28:51.310Z'
}
{
  message: 'Escuchando al puerto 8080',
  level: 'info',
  timestamp: '2023-12-22T00:44:06.797Z'
}
{
  message: 'Escuchando al puerto 8080',
  level: 'info',
  timestamp: '2023-12-22T00:46:00.591Z'
}
{
  message: 'Escuchando al puerto 8080',
  level: 'info',
  timestamp: '2023-12-22T00:46:05.241Z'
}
{
  message: 'Escuchando al puerto 8080',
  level: 'info',
  timestamp: '2023-12-22T00:46:34.055Z'
}
{
  message: 'Escuchando al puerto 8080',
  level: 'info',
  timestamp: '2023-12-22T00:47:03.574Z'
}
{
  message: 'Escuchando al puerto 8080',
  level: 'info',
  timestamp: '2023-12-22T00:47:09.859Z'
}
{
  message: 'Escuchando al puerto 8080',
  level: 'info',
  timestamp: '2023-12-25T21:31:27.901Z'
}
